*new server run starts here*
application startup time: 293 millis
Logger: opening log-conf file: /afs/cern.ch/user/m/mvougiou/git/f3mon/node-server/node_modules/node-monitor/node_monitor_plugin/properties/log4js.json
Logger: write corrections to /afs/cern.ch/user/m/mvougiou/git/f3mon/node-server/node_modules/node-monitor/node_monitor_plugin/properties/log4js.json.new
[2015-08-18 18:54:13.269] [INFO] node_monitor - >>>>>>>>> Logger for 'node_monitor' initialized with success. Log Level: INFO <<<<<<<<<
[2015-08-18 18:54:13.272] [INFO] node_monitor - Server 0.0.0.0:3000 added to monitors chain with parameters:
{'collect_all': false, 'top':{'view':3,'limit':100, 'timelimit':1, 'sortby':'max_time'}}
Server listening at port:3000
current owner:81139
(no drop needed)
*new server run starts here*
application startup time: 288 millis
Logger: opening log-conf file: /afs/cern.ch/user/m/mvougiou/git/f3mon/node-server/node_modules/node-monitor/node_monitor_plugin/properties/log4js.json
Logger: write corrections to /afs/cern.ch/user/m/mvougiou/git/f3mon/node-server/node_modules/node-monitor/node_monitor_plugin/properties/log4js.json.new
[2015-08-18 18:54:57.555] [INFO] node_monitor - >>>>>>>>> Logger for 'node_monitor' initialized with success. Log Level: INFO <<<<<<<<<
[2015-08-18 18:54:57.557] [INFO] node_monitor - Server 0.0.0.0:3000 added to monitors chain with parameters:
{'collect_all': false, 'top':{'view':3,'limit':100, 'timelimit':1, 'sortby':'max_time'}}
Server listening at port:3000
current owner:81139
(no drop needed)
[2015-08-18T16:57:07.032Z] (src:127.0.0.1) serverStatus request
